0 info it worked if it ends with ok
1 verbose cli [ '/usr/local/bin/node',
1 verbose cli   '/usr/local/bin/npm',
1 verbose cli   'install',
1 verbose cli   'http-server',
1 verbose cli   '-g' ]
2 info using npm@2.15.9
3 info using node@v4.5.0
4 verbose install initial load of /usr/local/lib/package.json
5 verbose readDependencies loading dependencies from /usr/local/lib/package.json
6 silly cache add args [ 'http-server', null ]
7 verbose cache add spec http-server
8 silly cache add parsed spec Result {
8 silly cache add   raw: 'http-server',
8 silly cache add   scope: null,
8 silly cache add   name: 'http-server',
8 silly cache add   rawSpec: '',
8 silly cache add   spec: 'latest',
8 silly cache add   type: 'tag' }
9 silly addNamed http-server@latest
10 verbose addNamed "latest" is being treated as a dist-tag for http-server
11 info addNameTag [ 'http-server', 'latest' ]
12 silly mapToRegistry name http-server
13 silly mapToRegistry using default registry
14 silly mapToRegistry registry https://registry.npmjs.org/
15 silly mapToRegistry data Result {
15 silly mapToRegistry   raw: 'http-server',
15 silly mapToRegistry   scope: null,
15 silly mapToRegistry   name: 'http-server',
15 silly mapToRegistry   rawSpec: '',
15 silly mapToRegistry   spec: 'latest',
15 silly mapToRegistry   type: 'tag' }
16 silly mapToRegistry uri https://registry.npmjs.org/http-server
17 verbose addNameTag registry:https://registry.npmjs.org/http-server not in flight; fetching
18 verbose request uri https://registry.npmjs.org/http-server
19 verbose request no auth needed
20 info attempt registry request try #1 at 3:19:21 PM
21 verbose request id 1355889cf6e74263
22 verbose etag "A2KFLZ1RS3LFE4VGL0NMI4Z3V"
23 http request GET https://registry.npmjs.org/http-server
24 http 200 https://registry.npmjs.org/http-server
25 verbose headers { server: 'nginx/1.10.1',
25 verbose headers   'content-type': 'application/json',
25 verbose headers   'last-modified': 'Wed, 25 Jan 2017 13:42:22 GMT',
25 verbose headers   etag: 'W/"5888ab3e-ec90"',
25 verbose headers   'content-encoding': 'gzip',
25 verbose headers   'cache-control': 'max-age=300',
25 verbose headers   'content-length': '7896',
25 verbose headers   'accept-ranges': 'bytes',
25 verbose headers   date: 'Wed, 25 Jan 2017 21:19:22 GMT',
25 verbose headers   via: '1.1 varnish',
25 verbose headers   age: '0',
25 verbose headers   connection: 'keep-alive',
25 verbose headers   'x-served-by': 'cache-dfw1840-DFW',
25 verbose headers   'x-cache': 'HIT',
25 verbose headers   'x-cache-hits': '1',
25 verbose headers   'x-timer': 'S1485379162.051038,VS0,VE34',
25 verbose headers   vary: 'Accept-Encoding' }
26 silly get cb [ 200,
26 silly get   { server: 'nginx/1.10.1',
26 silly get     'content-type': 'application/json',
26 silly get     'last-modified': 'Wed, 25 Jan 2017 13:42:22 GMT',
26 silly get     etag: 'W/"5888ab3e-ec90"',
26 silly get     'content-encoding': 'gzip',
26 silly get     'cache-control': 'max-age=300',
26 silly get     'content-length': '7896',
26 silly get     'accept-ranges': 'bytes',
26 silly get     date: 'Wed, 25 Jan 2017 21:19:22 GMT',
26 silly get     via: '1.1 varnish',
26 silly get     age: '0',
26 silly get     connection: 'keep-alive',
26 silly get     'x-served-by': 'cache-dfw1840-DFW',
26 silly get     'x-cache': 'HIT',
26 silly get     'x-cache-hits': '1',
26 silly get     'x-timer': 'S1485379162.051038,VS0,VE34',
26 silly get     vary: 'Accept-Encoding' } ]
27 verbose get saving http-server to /Users/User/.npm/registry.npmjs.org/http-server/.cache.json
28 verbose correctMkdir /Users/User/.npm correctMkdir not in flight; initializing
29 silly addNameTag next cb for http-server with tag latest
30 silly addNamed http-server@0.9.0
31 verbose addNamed "0.9.0" is a plain semver version for http-server
32 silly mapToRegistry name http-server
33 silly mapToRegistry using default registry
34 silly mapToRegistry registry https://registry.npmjs.org/
35 silly mapToRegistry data Result {
35 silly mapToRegistry   raw: 'http-server',
35 silly mapToRegistry   scope: null,
35 silly mapToRegistry   name: 'http-server',
35 silly mapToRegistry   rawSpec: '',
35 silly mapToRegistry   spec: 'latest',
35 silly mapToRegistry   type: 'tag' }
36 silly mapToRegistry uri https://registry.npmjs.org/http-server
37 verbose addRemoteTarball https://registry.npmjs.org/http-server/-/http-server-0.9.0.tgz not in flight; adding
38 verbose addRemoteTarball [ 'https://registry.npmjs.org/http-server/-/http-server-0.9.0.tgz',
38 verbose addRemoteTarball   '8f1b06bdc733618d4dc42831c7ba1aff4e06001a' ]
39 info retry fetch attempt 1 at 3:19:22 PM
40 info attempt registry request try #1 at 3:19:22 PM
41 http fetch GET https://registry.npmjs.org/http-server/-/http-server-0.9.0.tgz
42 http fetch 200 https://registry.npmjs.org/http-server/-/http-server-0.9.0.tgz
43 silly fetchAndShaCheck shasum 8f1b06bdc733618d4dc42831c7ba1aff4e06001a
44 verbose addTmpTarball /var/folders/vx/h2dcfyvj5m55dwz7vnpy2wr80000gn/T/npm-7873-3d501377/registry.npmjs.org/http-server/-/http-server-0.9.0.tgz not in flight; adding
45 verbose addTmpTarball already have metadata; skipping unpack for http-server@0.9.0
46 verbose correctMkdir /Users/User/.npm correctMkdir not in flight; initializing
47 silly cache afterAdd http-server@0.9.0
48 verbose afterAdd /Users/User/.npm/http-server/0.9.0/package/package.json not in flight; writing
49 verbose correctMkdir /Users/User/.npm correctMkdir not in flight; initializing
50 verbose afterAdd /Users/User/.npm/http-server/0.9.0/package/package.json written
51 silly install resolved [ { name: 'http-server',
51 silly install resolved     version: '0.9.0',
51 silly install resolved     description: 'A simple zero-configuration command-line http server',
51 silly install resolved     main: './lib/http-server',
51 silly install resolved     repository:
51 silly install resolved      { type: 'git',
51 silly install resolved        url: 'git://github.com/indexzero/http-server.git' },
51 silly install resolved     keywords: [ 'cli', 'command' ],
51 silly install resolved     scripts:
51 silly install resolved      { start: 'node ./bin/http-server',
51 silly install resolved        pretest: 'common bin/http-server lib/ test',
51 silly install resolved        test: 'vows --spec --isolate' },
51 silly install resolved     contributors:
51 silly install resolved      [ [Object],
51 silly install resolved        [Object],
51 silly install resolved        [Object],
51 silly install resolved        [Object],
51 silly install resolved        [Object],
51 silly install resolved        [Object],
51 silly install resolved        [Object],
51 silly install resolved        [Object],
51 silly install resolved        [Object],
51 silly install resolved        [Object] ],
51 silly install resolved     dependencies:
51 silly install resolved      { colors: '1.0.3',
51 silly install resolved        corser: '~2.0.0',
51 silly install resolved        ecstatic: '^1.4.0',
51 silly install resolved        'http-proxy': '^1.8.1',
51 silly install resolved        opener: '~1.4.0',
51 silly install resolved        optimist: '0.6.x',
51 silly install resolved        portfinder: '0.4.x',
51 silly install resolved        union: '~0.4.3' },
51 silly install resolved     devDependencies: { 'common-style': '^3.0.0', request: '2.49.x', vows: '0.7.x' },
51 silly install resolved     bugs: { url: 'https://github.com/nodeapps/http-server/issues' },
51 silly install resolved     license: 'MIT',
51 silly install resolved     preferGlobal: 'true',
51 silly install resolved     bin: { 'http-server': './bin/http-server', hs: './bin/http-server' },
51 silly install resolved     gitHead: '1a8552c5e028bd5500027ee940111133927a4e94',
51 silly install resolved     homepage: 'https://github.com/indexzero/http-server#readme',
51 silly install resolved     _id: 'http-server@0.9.0',
51 silly install resolved     _shasum: '8f1b06bdc733618d4dc42831c7ba1aff4e06001a',
51 silly install resolved     _from: 'http-server@latest',
51 silly install resolved     _npmVersion: '3.7.1',
51 silly install resolved     _nodeVersion: '4.2.2',
51 silly install resolved     _npmUser: { name: 'indexzero', email: 'charlie.robbins@gmail.com' },
51 silly install resolved     maintainers: [ [Object] ],
51 silly install resolved     dist:
51 silly install resolved      { shasum: '8f1b06bdc733618d4dc42831c7ba1aff4e06001a',
51 silly install resolved        tarball: 'https://registry.npmjs.org/http-server/-/http-server-0.9.0.tgz' },
51 silly install resolved     _npmOperationalInternal:
51 silly install resolved      { host: 'packages-6-west.internal.npmjs.com',
51 silly install resolved        tmp: 'tmp/http-server-0.9.0.tgz_1455864708425_0.19514421350322664' },
51 silly install resolved     directories: {},
51 silly install resolved     _resolved: 'https://registry.npmjs.org/http-server/-/http-server-0.9.0.tgz' } ]
52 info install http-server@0.9.0 into /usr/local/lib
53 info installOne http-server@0.9.0
54 verbose installOne of http-server to /usr/local/lib not in flight; installing
55 verbose correctMkdir /Users/User/.npm/_locks correctMkdir not in flight; initializing
56 verbose lock using /Users/User/.npm/_locks/http-server-ae30c9ae1f4c5eaa.lock for /usr/local/lib/node_modules/http-server
57 silly install write writing http-server 0.9.0 to /usr/local/lib/node_modules/http-server
58 verbose unbuild lib/node_modules/http-server
59 silly gentlyRm /usr/local/lib/node_modules/http-server is being purged from base /usr/local
60 verbose gentlyRm don't care about contents; nuking /usr/local/lib/node_modules/http-server
61 verbose tar unpack /Users/User/.npm/http-server/0.9.0/package.tgz
62 verbose tar unpacking to /usr/local/lib/node_modules/http-server
63 silly gentlyRm /usr/local/lib/node_modules/http-server is being purged
64 verbose gentlyRm don't care about contents; nuking /usr/local/lib/node_modules/http-server
65 silly gunzTarPerm modes [ '755', '644' ]
66 error tar.unpack untar error /Users/User/.npm/http-server/0.9.0/package.tgz
67 verbose unlock done using /Users/User/.npm/_locks/http-server-ae30c9ae1f4c5eaa.lock for /usr/local/lib/node_modules/http-server
68 verbose fstream_path /usr/local/lib/node_modules/http-server
69 verbose fstream_type Directory
70 verbose fstream_class DirWriter
71 verbose stack Error: EACCES: permission denied, mkdir '/usr/local/lib/node_modules/http-server'
71 verbose stack     at Error (native)
72 verbose fstream_stack /usr/local/lib/node_modules/npm/node_modules/fstream/lib/dir-writer.js:35:25
72 verbose fstream_stack /usr/local/lib/node_modules/npm/node_modules/mkdirp/index.js:47:53
72 verbose fstream_stack FSReqWrap.oncomplete (fs.js:82:15)
73 verbose cwd /Users/User/Desktop/full_stack_ui/AngularJS/Applications
74 error Darwin 15.3.0
75 error argv "/usr/local/bin/node" "/usr/local/bin/npm" "install" "http-server" "-g"
76 error node v4.5.0
77 error npm  v2.15.9
78 error path /usr/local/lib/node_modules/http-server
79 error code EACCES
80 error errno -13
81 error syscall mkdir
82 error Error: EACCES: permission denied, mkdir '/usr/local/lib/node_modules/http-server'
82 error     at Error (native)
82 error  { [Error: EACCES: permission denied, mkdir '/usr/local/lib/node_modules/http-server']
82 error   errno: -13,
82 error   code: 'EACCES',
82 error   syscall: 'mkdir',
82 error   path: '/usr/local/lib/node_modules/http-server',
82 error   fstream_type: 'Directory',
82 error   fstream_path: '/usr/local/lib/node_modules/http-server',
82 error   fstream_class: 'DirWriter',
82 error   fstream_stack:
82 error    [ '/usr/local/lib/node_modules/npm/node_modules/fstream/lib/dir-writer.js:35:25',
82 error      '/usr/local/lib/node_modules/npm/node_modules/mkdirp/index.js:47:53',
82 error      'FSReqWrap.oncomplete (fs.js:82:15)' ] }
83 error Please try running this command again as root/Administrator.
84 verbose exit [ -13, true ]
85 verbose unbuild lib/node_modules/http-server
86 silly gentlyRm /usr/local/lib/node_modules/http-server is being purged from base /usr/local
87 verbose gentlyRm don't care about contents; nuking /usr/local/lib/node_modules/http-server
